<?xml version="1.0" encoding="UTF-8" ?>
<testsuite tests="8" failures="0" name="eu.jpereira.trainings.designpatterns.structural.adapter.thirdparty.ThirdPartyDoorTest" time="0" errors="0" skipped="0">
  <properties>
[...]
</properties>
  <testcase classname="eu.jpereira.trainings.designpatterns.structural.adapter.thirdparty.ThirdPartyDoorTest" name="changeCode" time="0"/>
  <testcase classname="eu.jpereira.trainings.designpatterns.structural.adapter.thirdparty.ThirdPartyDoorTest" name="openDoor" time="0"/>
  <testcase classname="eu.jpereira.trainings.designpatterns.structural.adapter.thirdparty.ThirdPartyDoorTest" name="testLockDoor" time="0"/>
  <testcase classname="eu.jpereira.trainings.designpatterns.structural.adapter.thirdparty.ThirdPartyDoorTest" name="testUnlockDoor" time="0"/>
  <testcase classname="eu.jpereira.trainings.designpatterns.structural.adapter.thirdparty.ThirdPartyDoorTest" name="cannotChangeCodeForLockedDoor" time="0"/>
  <testcase classname="eu.jpereira.trainings.designpatterns.structural.adapter.thirdparty.ThirdPartyDoorTest" name="testUnlockDoorIncorrectCode" time="0"/>
  <testcase classname="eu.jpereira.trainings.designpatterns.structural.adapter.thirdparty.ThirdPartyDoorTest" name="defaultDoorStateShouldBeClosed" time="0"/>
  <testcase classname="eu.jpereira.trainings.designpatterns.structural.adapter.thirdparty.ThirdPartyDoorTest" name="cannotOpenLockedDoor" time="0"/>
</testsuite>